<?xml version="1.0" encoding="UTF-8"?>
<robot generator="Robot 7.2.2 (Python 3.10.11 on win32)" generated="2025-05-30T10:58:07.314401" rpa="false" schemaversion="5">
<suite id="s1" name="Api Test" source="C:\Users\LegendX\Desktop\Automation 2025\Test\api_test.robot">
<test id="s1-t1" name="Get All Products List" line="5">
<kw name="Create Session" owner="RequestsLibrary">
<msg time="2025-05-30T10:58:07.390661" level="INFO">Creating Session using : alias=api, url=https://automationexercise.com, headers={},                     cookies={}, auth=None, timeout=None, proxies=None, verify=False,                     debug=0 </msg>
<arg>api</arg>
<arg>https://automationexercise.com</arg>
<doc>Create Session: create a HTTP session to a server</doc>
<status status="PASS" start="2025-05-30T10:58:07.390661" elapsed="0.000000"/>
</kw>
<kw name="GET On Session" owner="RequestsLibrary">
<msg time="2025-05-30T10:58:08.638469" level="INFO">GET Request : url=https://automationexercise.com/api/productsList 
 path_url=/api/productsList 
 headers={'User-Agent': 'python-requests/2.32.3', 'Accept-Encoding': 'gzip, deflate', 'Accept': '*/*', 'Connection': 'keep-alive'} 
 body=None 
 </msg>
<msg time="2025-05-30T10:58:08.638469" level="INFO">GET Response : url=https://automationexercise.com/api/productsList 
 status=200, reason=OK 
 headers={'Date': 'Fri, 30 May 2025 03:58:13 GMT', 'Content-Type': 'text/html; charset=utf-8', 'Transfer-Encoding': 'chunked', 'Connection': 'keep-alive', 'Vary': 'Accept,Cookie,Accept-Encoding', 'Referrer-Policy': 'same-origin', 'X-Frame-Options': 'DENY', 'X-Content-Type-Options': 'nosniff', 'Allow': 'OPTIONS, POST, DELETE, PUT, GET', 'X-Powered-By': 'Phusion Passenger(R) 6.0.23', 'Status': '200 OK', 'Report-To': '{"group":"cf-nel","max_age":604800,"endpoints":[{"url":"https://a.nel.cloudflare.com/report/v4?s=B5r6IRb63z6OZZvOBvOGjlSstkR1dwbq9hBMRif6Tdd9hlaMen8Q5XJZLDuDlC2ie5vbBps4bxpj9JwzVibPySplVu4MU774Xokc2AsJZxw4FT4pmlvqrIwCM%2B3SdbyrYhc%3D"}]}', 'Server': 'cloudflare', 'Cf-Cache-Status': 'DYNAMIC', 'Nel': '{"report_to":"cf-nel","success_fraction":0.0,"max_age":604800}', 'Content-Encoding': 'gzip', 'CF-RAY': '947b4fd10848fcfc-SIN', 'alt-svc': 'h3=":443"; ma=86400'} 
 body={"responseCode": 200, "products": [{"id": 1, "name": "Blue Top", "price": "Rs. 500", "brand": "Polo", "category": {"usertype": {"usertype": "Women"}, "category": "Tops"}}, {"id": 2, "name": "Men Tshirt", "price": "Rs. 400", "brand": "H&amp;M", "category": {"usertype": {"usertype": "Men"}, "category": "Tshirts"}}, {"id": 3, "name": "Sleeveless Dress", "price": "Rs. 1000", "brand": "Madame", "category": {"usertype": {"usertype": "Women"}, "category": "Dress"}}, {"id": 4, "name": "Stylish Dress", "price": "Rs. 1500", "brand": "Madame", "category": {"usertype": {"usertype": "Women"}, "category": "Dress"}}, {"id": 5, "name": "Winter Top", "price": "Rs. 600", "brand": "Mast &amp; Harbour", "category": {"usertype": {"usertype": "Women"}, "category": "Tops"}}, {"id": 6, "name": "Summer White Top", "price": "Rs. 400", "brand": "H&amp;M", "category": {"usertype": {"usertype": "Women"}, "category": "Tops"}}, {"id": 7, "name": "Madame Top For Women", "price": "Rs. 1000", "brand": "Madame", "category": {"usertype": {"usertype": "Women"}, "category": "Tops"}}, {"id": 8, "name": "Fancy Green Top", "price": "Rs. 700", "brand": "Polo", "category": {"usertype": {"usertype": "Women"}, "category": "Tops"}}, {"id": 11, "name": "Sleeves Printed Top - White", "price": "Rs. 499", "brand": "Babyhug", "category": {"usertype": {"usertype": "Kids"}, "category": "Tops &amp; Shirts"}}, {"id": 12, "name": "Half Sleeves Top Schiffli Detailing - Pink", "price": "Rs. 359", "brand": "Babyhug", "category": {"usertype": {"usertype": "Kids"}, "category": "Tops &amp; Shirts"}}, {"id": 13, "name": "Frozen Tops For Kids", "price": "Rs. 278", "brand": "Allen Solly Junior", "category": {"usertype": {"usertype": "Kids"}, "category": "Tops &amp; Shirts"}}, {"id": 14, "name": "Full Sleeves Top Cherry - Pink", "price": "Rs. 679", "brand": "Kookie Kids", "category": {"usertype": {"usertype": "Kids"}, "category": "Tops &amp; Shirts"}}, {"id": 15, "name": "Printed Off Shoulder Top - White", "price": "Rs. 315", "brand": "Babyhug", "category": {"usertype": {"usertype": "Kids"}, "category": "Tops &amp; Shirts"}}, {"id": 16, "name": "Sleeves Top and Short - Blue &amp; Pink", "price": "Rs. 478", "brand": "Babyhug", "category": {"usertype": {"usertype": "Kids"}, "category": "Dress"}}, {"id": 18, "name": "Little Girls Mr. Panda Shirt", "price": "Rs. 1200", "brand": "Kookie Kids", "category": {"usertype": {"usertype": "Kids"}, "category": "Tops &amp; Shirts"}}, {"id": 19, "name": "Sleeveless Unicorn Patch Gown - Pink", "price": "Rs. 1050", "brand": "Allen Solly Junior", "category": {"usertype": {"usertype": "Kids"}, "category": "Dress"}}, {"id": 20, "name": "Cotton Mull Embroidered Dress", "price": "Rs. 1190", "brand": "Kookie Kids", "category": {"usertype": {"usertype": "Kids"}, "category": "Dress"}}, {"id": 21, "name": "Blue Cotton Indie Mickey Dress", "price": "Rs. 1530", "brand": "Biba", "category": {"usertype": {"usertype": "Kids"}, "category": "Dress"}}, {"id": 22, "name": "Long Maxi Tulle Fancy Dress Up Outfits -Pink", "price": "Rs. 1600", "brand": "Biba", "category": {"usertype": {"usertype": "Kids"}, "category": "Dress"}}, {"id": 23, "name": "Sleeveless Unicorn Print Fit &amp; Flare Net Dress - Multi", "price": "Rs. 1100", "brand": "Biba", "category": {"usertype": {"usertype": "Kids"}, "category": "Dress"}}, {"id": 24, "name": "Colour Blocked Shirt \u2013 Sky Blue", "price": "Rs. 849", "brand": "Allen Solly Junior", "category": {"usertype": {"usertype": "Kids"}, "category": "Tops &amp; Shirts"}}, {"id": 28, "name": "Pure Cotton V-Neck T-Shirt", "price": "Rs. 1299", "brand": "H&amp;M", "category": {"usertype": {"usertype": "Men"}, "category": "Tshirts"}}, {"id": 29, "name": "Green Side Placket Detail T-Shirt", "price": "Rs. 1000", "brand": "Polo", "category": {"usertype": {"usertype": "Men"}, "category": "Tshirts"}}, {"id": 30, "name": "Premium Polo T-Shirts", "price": "Rs. 1500", "brand": "Polo", "category": {"usertype": {"usertype": "Men"}, "category": "Tshirts"}}, {"id": 31, "name": "Pure Cotton Neon Green Tshirt", "price": "Rs. 850", "brand": "H&amp;M", "category": {"usertype": {"usertype": "Men"}, "category": "Tshirts"}}, {"id": 33, "name": "Soft Stretch Jeans", "price": "Rs. 799", "brand": "Polo", "category": {"usertype": {"usertype": "Men"}, "category": "Jeans"}}, {"id": 35, "name": "Regular Fit Straight Jeans", "price": "Rs. 1200", "brand": "H&amp;M", "category": {"usertype": {"usertype": "Men"}, "category": "Jeans"}}, {"id": 37, "name": "Grunt Blue Slim Fit Jeans", "price": "Rs. 1400", "brand": "Polo", "category": {"usertype": {"usertype": "Men"}, "category": "Jeans"}}, {"id": 38, "name": "Rose Pink Embroidered Maxi Dress", "price": "Rs. 2300", "brand": "Madame", "category": {"usertype": {"usertype": "Women"}, "category": "Dress"}}, {"id": 39, "name": "Cotton Silk Hand Block Print Saree", "price": "Rs. 3000", "brand": "Biba", "category": {"usertype": {"usertype": "Women"}, "category": "Saree"}}, {"id": 40, "name": "Rust Red Linen Saree", "price": "Rs. 3500", "brand": "Biba", "category": {"usertype": {"usertype": "Women"}, "category": "Saree"}}, {"id": 41, "name": "Beautiful Peacock Blue Cotton Linen Saree", "price": "Rs. 5000", "brand": "Madame", "category": {"usertype": {"usertype": "Women"}, "category": "Saree"}}, {"id": 42, "name": "Lace Top For Women", "price": "Rs. 1400", "brand": "Mast &amp; Harbour", "category": {"usertype": {"usertype": "Women"}, "category": "Tops"}}, {"id": 43, "name": "GRAPHIC DESIGN MEN T SHIRT - BLUE", "price": "Rs. 1389", "brand": "Mast &amp; Harbour", "category": {"usertype": {"usertype": "Men"}, "category": "Tshirts"}}]} 
 </msg>
<msg time="2025-05-30T10:58:08.638469" level="INFO">C:\Users\LegendX\AppData\Local\Programs\Python\Python310\lib\site-packages\urllib3\connectionpool.py:1097: InsecureRequestWarning: Unverified HTTPS request is being made to host 'automationexercise.com'. Adding certificate verification is strongly advised. See: https://urllib3.readthedocs.io/en/latest/advanced-usage.html#tls-warnings
  warnings.warn(</msg>
<msg time="2025-05-30T10:58:08.639528" level="INFO">${resp} = &lt;Response [200]&gt;</msg>
<var>${resp}</var>
<arg>api</arg>
<arg>/api/productsList</arg>
<doc>Sends a GET request on a previously created HTTP Session.</doc>
<status status="PASS" start="2025-05-30T10:58:07.390661" elapsed="1.248867"/>
</kw>
<kw name="Status Should Be" owner="RequestsLibrary">
<arg>200</arg>
<arg>${resp}</arg>
<doc>Fails if response status code is different than the expected.</doc>
<status status="PASS" start="2025-05-30T10:58:08.639528" elapsed="0.001014"/>
</kw>
<kw name="Log" owner="BuiltIn">
<msg time="2025-05-30T10:58:08.642859" level="INFO">{'responseCode': 200, 'products': [{'id': 1, 'name': 'Blue Top', 'price': 'Rs. 500', 'brand': 'Polo', 'category': {'usertype': {'usertype': 'Women'}, 'category': 'Tops'}}, {'id': 2, 'name': 'Men Tshirt', 'price': 'Rs. 400', 'brand': 'H&amp;M', 'category': {'usertype': {'usertype': 'Men'}, 'category': 'Tshirts'}}, {'id': 3, 'name': 'Sleeveless Dress', 'price': 'Rs. 1000', 'brand': 'Madame', 'category': {'usertype': {'usertype': 'Women'}, 'category': 'Dress'}}, {'id': 4, 'name': 'Stylish Dress', 'price': 'Rs. 1500', 'brand': 'Madame', 'category': {'usertype': {'usertype': 'Women'}, 'category': 'Dress'}}, {'id': 5, 'name': 'Winter Top', 'price': 'Rs. 600', 'brand': 'Mast &amp; Harbour', 'category': {'usertype': {'usertype': 'Women'}, 'category': 'Tops'}}, {'id': 6, 'name': 'Summer White Top', 'price': 'Rs. 400', 'brand': 'H&amp;M', 'category': {'usertype': {'usertype': 'Women'}, 'category': 'Tops'}}, {'id': 7, 'name': 'Madame Top For Women', 'price': 'Rs. 1000', 'brand': 'Madame', 'category': {'usertype': {'usertype': 'Women'}, 'category': 'Tops'}}, {'id': 8, 'name': 'Fancy Green Top', 'price': 'Rs. 700', 'brand': 'Polo', 'category': {'usertype': {'usertype': 'Women'}, 'category': 'Tops'}}, {'id': 11, 'name': 'Sleeves Printed Top - White', 'price': 'Rs. 499', 'brand': 'Babyhug', 'category': {'usertype': {'usertype': 'Kids'}, 'category': 'Tops &amp; Shirts'}}, {'id': 12, 'name': 'Half Sleeves Top Schiffli Detailing - Pink', 'price': 'Rs. 359', 'brand': 'Babyhug', 'category': {'usertype': {'usertype': 'Kids'}, 'category': 'Tops &amp; Shirts'}}, {'id': 13, 'name': 'Frozen Tops For Kids', 'price': 'Rs. 278', 'brand': 'Allen Solly Junior', 'category': {'usertype': {'usertype': 'Kids'}, 'category': 'Tops &amp; Shirts'}}, {'id': 14, 'name': 'Full Sleeves Top Cherry - Pink', 'price': 'Rs. 679', 'brand': 'Kookie Kids', 'category': {'usertype': {'usertype': 'Kids'}, 'category': 'Tops &amp; Shirts'}}, {'id': 15, 'name': 'Printed Off Shoulder Top - White', 'price': 'Rs. 315', 'brand': 'Babyhug', 'category': {'usertype': {'usertype': 'Kids'}, 'category': 'Tops &amp; Shirts'}}, {'id': 16, 'name': 'Sleeves Top and Short - Blue &amp; Pink', 'price': 'Rs. 478', 'brand': 'Babyhug', 'category': {'usertype': {'usertype': 'Kids'}, 'category': 'Dress'}}, {'id': 18, 'name': 'Little Girls Mr. Panda Shirt', 'price': 'Rs. 1200', 'brand': 'Kookie Kids', 'category': {'usertype': {'usertype': 'Kids'}, 'category': 'Tops &amp; Shirts'}}, {'id': 19, 'name': 'Sleeveless Unicorn Patch Gown - Pink', 'price': 'Rs. 1050', 'brand': 'Allen Solly Junior', 'category': {'usertype': {'usertype': 'Kids'}, 'category': 'Dress'}}, {'id': 20, 'name': 'Cotton Mull Embroidered Dress', 'price': 'Rs. 1190', 'brand': 'Kookie Kids', 'category': {'usertype': {'usertype': 'Kids'}, 'category': 'Dress'}}, {'id': 21, 'name': 'Blue Cotton Indie Mickey Dress', 'price': 'Rs. 1530', 'brand': 'Biba', 'category': {'usertype': {'usertype': 'Kids'}, 'category': 'Dress'}}, {'id': 22, 'name': 'Long Maxi Tulle Fancy Dress Up Outfits -Pink', 'price': 'Rs. 1600', 'brand': 'Biba', 'category': {'usertype': {'usertype': 'Kids'}, 'category': 'Dress'}}, {'id': 23, 'name': 'Sleeveless Unicorn Print Fit &amp; Flare Net Dress - Multi', 'price': 'Rs. 1100', 'brand': 'Biba', 'category': {'usertype': {'usertype': 'Kids'}, 'category': 'Dress'}}, {'id': 24, 'name': 'Colour Blocked Shirt – Sky Blue', 'price': 'Rs. 849', 'brand': 'Allen Solly Junior', 'category': {'usertype': {'usertype': 'Kids'}, 'category': 'Tops &amp; Shirts'}}, {'id': 28, 'name': 'Pure Cotton V-Neck T-Shirt', 'price': 'Rs. 1299', 'brand': 'H&amp;M', 'category': {'usertype': {'usertype': 'Men'}, 'category': 'Tshirts'}}, {'id': 29, 'name': 'Green Side Placket Detail T-Shirt', 'price': 'Rs. 1000', 'brand': 'Polo', 'category': {'usertype': {'usertype': 'Men'}, 'category': 'Tshirts'}}, {'id': 30, 'name': 'Premium Polo T-Shirts', 'price': 'Rs. 1500', 'brand': 'Polo', 'category': {'usertype': {'usertype': 'Men'}, 'category': 'Tshirts'}}, {'id': 31, 'name': 'Pure Cotton Neon Green Tshirt', 'price': 'Rs. 850', 'brand': 'H&amp;M', 'category': {'usertype': {'usertype': 'Men'}, 'category': 'Tshirts'}}, {'id': 33, 'name': 'Soft Stretch Jeans', 'price': 'Rs. 799', 'brand': 'Polo', 'category': {'usertype': {'usertype': 'Men'}, 'category': 'Jeans'}}, {'id': 35, 'name': 'Regular Fit Straight Jeans', 'price': 'Rs. 1200', 'brand': 'H&amp;M', 'category': {'usertype': {'usertype': 'Men'}, 'category': 'Jeans'}}, {'id': 37, 'name': 'Grunt Blue Slim Fit Jeans', 'price': 'Rs. 1400', 'brand': 'Polo', 'category': {'usertype': {'usertype': 'Men'}, 'category': 'Jeans'}}, {'id': 38, 'name': 'Rose Pink Embroidered Maxi Dress', 'price': 'Rs. 2300', 'brand': 'Madame', 'category': {'usertype': {'usertype': 'Women'}, 'category': 'Dress'}}, {'id': 39, 'name': 'Cotton Silk Hand Block Print Saree', 'price': 'Rs. 3000', 'brand': 'Biba', 'category': {'usertype': {'usertype': 'Women'}, 'category': 'Saree'}}, {'id': 40, 'name': 'Rust Red Linen Saree', 'price': 'Rs. 3500', 'brand': 'Biba', 'category': {'usertype': {'usertype': 'Women'}, 'category': 'Saree'}}, {'id': 41, 'name': 'Beautiful Peacock Blue Cotton Linen Saree', 'price': 'Rs. 5000', 'brand': 'Madame', 'category': {'usertype': {'usertype': 'Women'}, 'category': 'Saree'}}, {'id': 42, 'name': 'Lace Top For Women', 'price': 'Rs. 1400', 'brand': 'Mast &amp; Harbour', 'category': {'usertype': {'usertype': 'Women'}, 'category': 'Tops'}}, {'id': 43, 'name': 'GRAPHIC DESIGN MEN T SHIRT - BLUE', 'price': 'Rs. 1389', 'brand': 'Mast &amp; Harbour', 'category': {'usertype': {'usertype': 'Men'}, 'category': 'Tshirts'}}]}</msg>
<arg>${resp.json()}</arg>
<doc>Logs the given message with the given level.</doc>
<status status="PASS" start="2025-05-30T10:58:08.640852" elapsed="0.002007"/>
</kw>
<status status="PASS" start="2025-05-30T10:58:07.390661" elapsed="1.253678"/>
</test>
<status status="PASS" start="2025-05-30T10:58:07.315680" elapsed="1.330080"/>
</suite>
<statistics>
<total>
<stat pass="1" fail="0" skip="0">All Tests</stat>
</total>
<tag>
</tag>
<suite>
<stat name="Api Test" id="s1" pass="1" fail="0" skip="0">Api Test</stat>
</suite>
</statistics>
<errors>
</errors>
</robot>
